PRT1
95
189
398
4 0 5 0 (1112 0 224 ) (1552 0 224 ) (1552 0 352 ) (1112 0 352 ) 
4 0 2 0 (1552 0 224 ) (1392 0 224 ) (1392 32 224 ) (1552 32 224 ) 
4 1 28 0 (1024 0 224 ) (1024 0 352 ) (1024 192 352 ) (1024 192 224 ) 
4 1 6 0 (1024 0 352 ) (1024 0 224 ) (1104 0 224 ) (1104 0 352 ) 
4 2 8 0 (1552 0 216 ) (1552 0 224 ) (1392 0 224 ) (1392 0 216 ) 
4 2 3 0 (1392 0 216 ) (1392 16 216 ) (1552 16 216 ) (1552 0 216 ) 
4 3 8 0 (1392 0 208 ) (1552 0 208 ) (1552 0 216 ) (1392 0 216 ) 
4 4 31 0 (1024 0 64 ) (1024 0 192 ) (1024 64 192 ) (1024 64 64 ) 
4 4 30 0 (1024 64 192 ) (1024 192 192 ) (1024 192 64 ) (1024 64 64 ) 
4 4 29 0 (1024 0 192 ) (1024 0 208 ) (1024 192 208 ) (1024 192 192 ) 
4 4 26 0 (1024 0 208 ) (1024 0 64 ) (1104 0 64 ) (1104 0 208 ) 
4 5 8 0 (1392 0 224 ) (1552 0 224 ) (1552 -128 224 ) (1392 -128 224 ) 
4 5 7 0 (1112 -128 224 ) (1552 -128 224 ) (1552 -128 352 ) (1112 -128 352 ) 
4 6 34 0 (1024 -128 352 ) (1024 0 352 ) (1024 0 224 ) (1024 -128 224 ) 
4 6 7 0 (1024 -128 224 ) (1104 -128 224 ) (1104 -128 352 ) (1024 -128 352 ) 
4 7 34 0 (1024 -256 352 ) (1024 -128 352 ) (1024 -128 224 ) (1024 -256 224 ) 
4 7 8 0 (1552 -128 224 ) (1552 -256 224 ) (1392 -256 224 ) (1392 -128 224 ) 
4 8 17 0 (1552 -128 208 ) (1552 -144 208 ) (1392 -144 208 ) (1392 -128 208 ) 
4 8 18 0 (1552 -144 208 ) (1552 -256 208 ) (1392 -256 208 ) (1392 -144 208 ) 
4 8 16 0 (1552 -112 208 ) (1552 -128 208 ) (1392 -128 208 ) (1392 -112 208 ) 
4 8 15 0 (1552 -96 208 ) (1552 -112 208 ) (1392 -112 208 ) (1392 -96 208 ) 
4 8 14 0 (1552 -80 208 ) (1552 -96 208 ) (1392 -96 208 ) (1392 -80 208 ) 
4 8 13 0 (1552 -64 208 ) (1552 -80 208 ) (1392 -80 208 ) (1392 -64 208 ) 
4 8 12 0 (1552 -48 208 ) (1552 -64 208 ) (1392 -64 208 ) (1392 -48 208 ) 
4 8 11 0 (1552 -32 208 ) (1552 -48 208 ) (1392 -48 208 ) (1392 -32 208 ) 
4 8 10 0 (1552 -16 208 ) (1552 -32 208 ) (1392 -32 208 ) (1392 -16 208 ) 
4 8 9 0 (1392 0 208 ) (1552 0 208 ) (1552 -16 208 ) (1392 -16 208 ) 
4 9 10 0 (1392 -16 208 ) (1392 -16 200 ) (1552 -16 200 ) (1552 -16 208 ) 
4 10 11 0 (1392 -32 208 ) (1392 -32 192 ) (1552 -32 192 ) (1552 -32 208 ) 
4 11 12 0 (1392 -48 208 ) (1392 -48 184 ) (1552 -48 184 ) (1552 -48 208 ) 
4 12 13 0 (1392 -64 208 ) (1392 -64 176 ) (1552 -64 176 ) (1552 -64 208 ) 
4 13 14 0 (1392 -80 208 ) (1392 -80 168 ) (1552 -80 168 ) (1552 -80 208 ) 
4 14 15 0 (1392 -96 208 ) (1392 -96 160 ) (1552 -96 160 ) (1552 -96 208 ) 
4 15 16 0 (1392 -112 208 ) (1392 -112 152 ) (1552 -112 152 ) (1552 -112 208 ) 
4 16 17 0 (1392 -128 208 ) (1392 -128 144 ) (1552 -128 144 ) (1552 -128 208 ) 
4 17 18 0 (1392 -144 208 ) (1392 -144 136 ) (1552 -144 136 ) (1552 -144 208 ) 
4 18 27 0 (1552 -272 128 ) (1552 -272 208 ) (1392 -272 208 ) (1392 -272 128 ) 
4 18 19 0 (1552 -272 128 ) (1392 -272 128 ) (1392 -160 128 ) (1552 -160 128 ) 
4 19 27 0 (1552 -272 120 ) (1552 -272 128 ) (1392 -272 128 ) (1392 -272 120 ) 
4 19 20 0 (1552 -272 120 ) (1392 -272 120 ) (1392 -176 120 ) (1552 -176 120 ) 
4 20 27 0 (1552 -272 112 ) (1552 -272 120 ) (1392 -272 120 ) (1392 -272 112 ) 
4 20 21 0 (1552 -272 112 ) (1392 -272 112 ) (1392 -192 112 ) (1552 -192 112 ) 
4 21 27 0 (1552 -272 104 ) (1552 -272 112 ) (1392 -272 112 ) (1392 -272 104 ) 
4 21 22 0 (1552 -272 104 ) (1392 -272 104 ) (1392 -208 104 ) (1552 -208 104 ) 
4 22 27 0 (1552 -272 96 ) (1552 -272 104 ) (1392 -272 104 ) (1392 -272 96 ) 
4 22 23 0 (1552 -272 96 ) (1392 -272 96 ) (1392 -224 96 ) (1552 -224 96 ) 
4 23 27 0 (1552 -272 88 ) (1552 -272 96 ) (1392 -272 96 ) (1392 -272 88 ) 
4 23 24 0 (1552 -272 88 ) (1392 -272 88 ) (1392 -240 88 ) (1552 -240 88 ) 
4 24 27 0 (1552 -272 80 ) (1552 -272 88 ) (1392 -272 88 ) (1392 -272 80 ) 
4 24 25 0 (1552 -272 80 ) (1392 -272 80 ) (1392 -256 80 ) (1552 -256 80 ) 
4 25 27 0 (1552 -272 72 ) (1552 -272 80 ) (1392 -272 80 ) (1392 -272 72 ) 
4 26 42 0 (1024 -256 64 ) (1024 -272 64 ) (1024 -272 208 ) (1024 -256 208 ) 
4 26 39 0 (1024 0 192 ) (1024 0 64 ) (1024 -256 64 ) (1024 -256 192 ) 
4 26 38 0 (1024 0 208 ) (1024 0 192 ) (1024 -256 192 ) (1024 -256 208 ) 
4 26 27 0 (1024 -272 64 ) (1104 -272 64 ) (1104 -272 208 ) (1024 -272 208 ) 
4 27 42 0 (1024 -704 208 ) (1024 -272 208 ) (1024 -272 64 ) (1024 -704 64 ) 
4 28 35 0 (928 0 352 ) (600 0 352 ) (600 0 224 ) (928 0 224 ) 
4 28 34 0 (1024 0 224 ) (1024 0 352 ) (928 0 352 ) (928 0 224 ) 
4 29 38 0 (1024 0 192 ) (1024 0 208 ) (768 0 208 ) (768 0 192 ) 
4 29 41 0 (768 0 208 ) (592 0 208 ) (592 0 192 ) (768 0 192 ) 
4 29 31 0 (1024 0 192 ) (784 0 192 ) (784 64 192 ) (1024 64 192 ) 
4 29 32 0 (768 0 192 ) (592 0 192 ) (592 64 192 ) (768 64 192 ) 
4 29 30 0 (592 64 192 ) (592 192 192 ) (1024 192 192 ) (1024 64 192 ) 
4 30 31 0 (784 64 64 ) (1024 64 64 ) (1024 64 192 ) (784 64 192 ) 
4 30 32 0 (592 64 64 ) (768 64 64 ) (768 64 192 ) (592 64 192 ) 
4 31 39 0 (1024 0 64 ) (1024 0 192 ) (784 0 192 ) (784 0 64 ) 
4 32 41 0 (768 0 192 ) (592 0 192 ) (592 0 64 ) (768 0 64 ) 
4 33 53 0 (479.912598 0 64 ) (576 0 64 ) (576 0 90 ) (479.912628 0 90 ) 
4 33 52 0 (0 0 90 ) (0 0 64 ) (479.912598 0 64 ) (479.912628 0 90 ) 
4 33 49 0 (463.029846 0 90 ) (576 0 90 ) (576 0 108 ) (463.029846 0 108 ) 
4 33 48 0 (0 0 108 ) (0 0 90 ) (463.029846 0 90 ) (463.029846 0 108 ) 
4 33 47 0 (0 0 320 ) (0 0 108 ) (576 0 108 ) (576 0 320 ) 
4 34 35 0 (928 0 224 ) (928 -256 224 ) (928 -256 352 ) (928 0 352 ) 
4 35 36 0 (800 -272 224 ) (928 -272 224 ) (928 -272 352 ) (800 -272 352 ) 
4 36 37 0 (800 -288 224 ) (800 -696 224 ) (800 -696 352 ) (800 -288 352 ) 
4 37 43 0 (592 -288 224 ) (592 -696 224 ) (592 -696 352 ) (592 -288 352 ) 
4 38 42 0 (1024 -256 208 ) (928 -256 208 ) (928 -256 192 ) (1024 -256 192 ) 
4 38 40 0 (784 -256 192 ) (768 -256 192 ) (768 -128 192 ) (784 -128 192 ) 
4 38 39 0 (1024 -256 192 ) (784 -256 192 ) (784 0 192 ) (1024 0 192 ) 
4 38 41 0 (768 -256 192 ) (768 -256 208 ) (768 0 208 ) (768 0 192 ) 
4 39 42 0 (928 -256 64 ) (1024 -256 64 ) (1024 -256 192 ) (928 -256 192 ) 
4 39 40 0 (784 -128 64 ) (784 -256 64 ) (784 -256 192 ) (784 -128 192 ) 
4 40 41 0 (768 -128 64 ) (768 -256 64 ) (768 -256 192 ) (768 -128 192 ) 
4 41 45 0 (592 0 160 ) (592 0 64 ) (592 -64 64 ) (592 -64 160 ) 
4 43 58 0 (576 -696 352 ) (576 -576 352 ) (576 -576 224 ) (576 -696 224 ) 
4 43 57 0 (576 -576 352 ) (576 -288 352 ) (576 -288 224 ) (576 -576 224 ) 
4 44 47 0 (576 -48 176 ) (576 -16 176 ) (576 -16 162 ) (576 -48 162 ) 
4 46 55 0 (576 -61.967667 64 ) (576 -64 64 ) (576 -64 90 ) (576 -61.967667 90 ) 
4 46 53 0 (576 0 64 ) (576 -61.967667 64 ) (576 -61.967667 90 ) (576 0 90 ) 
4 46 51 0 (576 -64 90 ) (576 -64 108 ) (576 -61.967667 108 ) (576 -61.967667 90 ) 
4 46 49 0 (576 -61.967667 108 ) (576 0 108 ) (576 0 90 ) (576 -61.967667 90 ) 
4 46 47 0 (576 -64 108 ) (576 -64 160 ) (576 0 160 ) (576 0 108 ) 
4 47 51 0 (568.388489 -69.500244 108 ) (576 -61.967667 108 ) (576 -64.781464 108 ) (569.795288 -70.921814 108 ) 
4 47 50 0 (576 -96 108 ) (558.033997 -96 108 ) (551.314880 -89.210487 108 ) (576 -64.781464 108 ) 
4 47 49 0 (549.908081 -87.788918 108 ) (463.029846 0 108 ) (576 0 108 ) (576 -61.967667 108 ) 
4 47 48 0 (558.033997 -96 108 ) (0 -96 108 ) (0 0 108 ) (463.029846 0 108 ) 
4 48 52 0 (558.033997 -96 90 ) (0 -96 90 ) (0 0 90 ) (463.029846 0 90 ) 
4 48 50 0 (558.031555 -96 90 ) (551.313660 -89.211700 90 ) (551.316589 -89.208832 108 ) (558.037048 -96 108 ) 
4 48 49 0 (549.906860 -87.790131 90 ) (463.027435 0 90 ) (463.037109 0 108 ) (549.909790 -87.787216 108 ) 
4 49 53 0 (479.912628 0 90 ) (576 0 90 ) (576 -61.967667 90 ) (558.437500 -79.347992 90 ) 
4 49 52 0 (549.908081 -87.788918 90 ) (463.029846 0 90 ) (479.912628 0 90 ) (558.437500 -79.347992 90 ) 
4 49 51 0 (568.386169 -69.497925 90 ) (576 -61.963066 90 ) (576 -61.965267 108 ) (568.386902 -69.498718 108 ) 
4 50 54 0 (576 -96 90 ) (574.916748 -96 90 ) (559.844299 -80.769562 90 ) (576 -64.781464 90 ) 
4 50 52 0 (574.916748 -96 90 ) (558.033997 -96 90 ) (551.314880 -89.210487 90 ) (559.844299 -80.769562 90 ) 
4 50 51 0 (576 -64.779465 90 ) (569.793945 -70.920433 90 ) (569.792847 -70.919327 108 ) (576 -64.776550 108 ) 
4 51 55 0 (568.388489 -69.500244 90 ) (576 -61.967667 90 ) (576 -64.781464 90 ) (569.795288 -70.921814 90 ) 
4 52 54 0 (559.846558 -80.767342 90 ) (574.921265 -96 90 ) (574.921265 -96 64 ) (559.846619 -80.767334 64 ) 
4 52 53 0 (479.916870 0 90 ) (558.439758 -79.345772 90 ) (558.439758 -79.345749 64 ) (479.917145 0 64 ) 
4 53 55 0 (559.856750 -77.938850 64 ) (576 -61.963207 64 ) (576 -61.963207 90 ) (559.856750 -77.938850 90 ) 
4 54 55 0 (561.263428 -79.360275 90 ) (576 -64.776566 90 ) (576 -64.776566 64 ) (561.263428 -79.360275 64 ) 
4 56 87 0 (0 -288 352 ) (0 -168 352 ) (0 -168 224 ) (0 -288 224 ) 
4 56 59 0 (192 -288 352 ) (80 -288 352 ) (80 -288 224 ) (192 -288 224 ) 
4 57 58 0 (496 -576 224 ) (576 -576 224 ) (576 -576 352 ) (496 -576 352 ) 
4 58 59 0 (480 -576 224 ) (480 -696 224 ) (480 -696 352 ) (480 -576 352 ) 
4 60 67 0 (80 -1024 224 ) (480 -1024 224 ) (480 -1024 352 ) (80 -1024 352 ) 
4 60 64 0 (192 -1024 224 ) (80 -1024 224 ) (80 -704 224 ) (192 -704 224 ) 
4 60 63 0 (480 -704 224 ) (480 -1024 224 ) (192 -1024 224 ) (192 -704 224 ) 
4 61 88 0 (0 -696 352 ) (0 -296 352 ) (0 -296 224 ) (0 -696 224 ) 
4 62 89 0 (0 -1024 224 ) (0 -1024 352 ) (0 -704 352 ) (0 -704 224 ) 
4 62 67 0 (0 -1024 352 ) (0 -1024 224 ) (64 -1024 224 ) (64 -1024 352 ) 
4 63 79 0 (288 -1024 112 ) (304 -1024 112 ) (304 -1024 120 ) (288 -1024 120 ) 
4 63 78 0 (304 -1024 128 ) (272 -1024 128 ) (272 -1024 120 ) (304 -1024 120 ) 
4 63 77 0 (320 -1024 104 ) (320 -1024 128 ) (304 -1024 128 ) (304 -1024 104 ) 
4 63 76 0 (320 -1024 128 ) (320 -1024 136 ) (256 -1024 136 ) (256 -1024 128 ) 
4 63 75 0 (320 -1024 96 ) (336 -1024 96 ) (336 -1024 136 ) (320 -1024 136 ) 
4 63 74 0 (336 -1024 144 ) (240 -1024 144 ) (240 -1024 136 ) (336 -1024 136 ) 
4 63 73 0 (352 -1024 88 ) (352 -1024 144 ) (336 -1024 144 ) (336 -1024 88 ) 
4 63 72 0 (352 -1024 144 ) (352 -1024 152 ) (224 -1024 152 ) (224 -1024 144 ) 
4 63 71 0 (352 -1024 80 ) (368 -1024 80 ) (368 -1024 152 ) (352 -1024 152 ) 
4 63 70 0 (368 -1024 160 ) (208 -1024 160 ) (208 -1024 152 ) (368 -1024 152 ) 
4 63 69 0 (480 -1024 72 ) (480 -1024 160 ) (368 -1024 160 ) (368 -1024 72 ) 
4 63 68 0 (480 -1024 160 ) (480 -1024 224 ) (192 -1024 224 ) (192 -1024 160 ) 
4 63 64 0 (192 -704 224 ) (192 -704 72 ) (192 -1024 72 ) (192 -1024 224 ) 
4 64 86 0 (144 -1024 200 ) (128 -1024 200 ) (128 -1024 192 ) (144 -1024 192 ) 
4 64 85 0 (160 -1024 184 ) (160 -1024 200 ) (144 -1024 200 ) (144 -1024 184 ) 
4 64 84 0 (160 -1024 200 ) (160 -1024 208 ) (112 -1024 208 ) (112 -1024 200 ) 
4 64 83 0 (160 -1024 176 ) (176 -1024 176 ) (176 -1024 208 ) (160 -1024 208 ) 
4 64 82 0 (176 -1024 216 ) (96 -1024 216 ) (96 -1024 208 ) (176 -1024 208 ) 
4 64 81 0 (192 -1024 168 ) (192 -1024 216 ) (176 -1024 216 ) (176 -1024 168 ) 
4 64 80 0 (192 -1024 216 ) (192 -1024 224 ) (80 -1024 224 ) (80 -1024 216 ) 
4 64 65 0 (192 -1024 64 ) (80 -1024 64 ) (80 -704 64 ) (192 -704 64 ) 
4 65 91 0 (0 -1024 0 ) (0 -1024 64 ) (0 -704 64 ) (0 -704 0 ) 
4 65 66 0 (192 -1024 0 ) (0 -1024 0 ) (0 -704 0 ) (192 -704 0 ) 
4 66 92 0 (0 -1024 -64 ) (0 -1024 0 ) (0 -704 0 ) (0 -704 -64 ) 
4 67 94 0 (0 -1024 352 ) (0 -1024 224 ) (0 -1144 224 ) (0 -1144 352 ) 
4 67 80 0 (80 -1024 224 ) (192 -1024 224 ) (192 -1144 224 ) (80 -1144 224 ) 
4 67 68 0 (192 -1024 224 ) (480 -1024 224 ) (480 -1144 224 ) (192 -1144 224 ) 
4 68 81 0 (192 -1144 168 ) (192 -1144 216 ) (192 -1024 216 ) (192 -1024 168 ) 
4 68 80 0 (192 -1144 216 ) (192 -1144 224 ) (192 -1024 224 ) (192 -1024 216 ) 
4 68 70 0 (208 -1024 160 ) (368 -1024 160 ) (368 -1144 160 ) (208 -1144 160 ) 
4 68 69 0 (368 -1024 160 ) (480 -1024 160 ) (480 -1144 160 ) (368 -1144 160 ) 
4 69 71 0 (368 -1144 80 ) (368 -1144 152 ) (368 -1024 152 ) (368 -1024 80 ) 
4 69 70 0 (368 -1144 152 ) (368 -1144 160 ) (368 -1024 160 ) (368 -1024 152 ) 
4 70 72 0 (224 -1024 152 ) (352 -1024 152 ) (352 -1144 152 ) (224 -1144 152 ) 
4 70 71 0 (352 -1024 152 ) (368 -1024 152 ) (368 -1144 152 ) (352 -1144 152 ) 
4 71 73 0 (352 -1144 88 ) (352 -1144 144 ) (352 -1024 144 ) (352 -1024 88 ) 
4 71 72 0 (352 -1144 144 ) (352 -1144 152 ) (352 -1024 152 ) (352 -1024 144 ) 
4 72 74 0 (240 -1024 144 ) (336 -1024 144 ) (336 -1144 144 ) (240 -1144 144 ) 
4 72 73 0 (336 -1024 144 ) (352 -1024 144 ) (352 -1144 144 ) (336 -1144 144 ) 
4 73 75 0 (336 -1144 96 ) (336 -1144 136 ) (336 -1024 136 ) (336 -1024 96 ) 
4 73 74 0 (336 -1144 136 ) (336 -1144 144 ) (336 -1024 144 ) (336 -1024 136 ) 
4 74 76 0 (256 -1024 136 ) (320 -1024 136 ) (320 -1144 136 ) (256 -1144 136 ) 
4 74 75 0 (320 -1024 136 ) (336 -1024 136 ) (336 -1144 136 ) (320 -1144 136 ) 
4 75 77 0 (320 -1144 104 ) (320 -1144 128 ) (320 -1024 128 ) (320 -1024 104 ) 
4 75 76 0 (320 -1144 128 ) (320 -1144 136 ) (320 -1024 136 ) (320 -1024 128 ) 
4 76 78 0 (272 -1024 128 ) (304 -1024 128 ) (304 -1144 128 ) (272 -1144 128 ) 
4 76 77 0 (304 -1024 128 ) (320 -1024 128 ) (320 -1144 128 ) (304 -1144 128 ) 
4 77 79 0 (304 -1144 112 ) (304 -1144 120 ) (304 -1024 120 ) (304 -1024 112 ) 
4 77 78 0 (304 -1144 120 ) (304 -1144 128 ) (304 -1024 128 ) (304 -1024 120 ) 
4 78 79 0 (288 -1024 120 ) (304 -1024 120 ) (304 -1144 120 ) (288 -1144 120 ) 
4 80 82 0 (96 -1024 216 ) (176 -1024 216 ) (176 -1144 216 ) (96 -1144 216 ) 
4 80 81 0 (176 -1024 216 ) (192 -1024 216 ) (192 -1144 216 ) (176 -1144 216 ) 
4 81 83 0 (176 -1144 176 ) (176 -1144 208 ) (176 -1024 208 ) (176 -1024 176 ) 
4 81 82 0 (176 -1144 208 ) (176 -1144 216 ) (176 -1024 216 ) (176 -1024 208 ) 
4 82 84 0 (112 -1024 208 ) (160 -1024 208 ) (160 -1144 208 ) (112 -1144 208 ) 
4 82 83 0 (160 -1024 208 ) (176 -1024 208 ) (176 -1144 208 ) (160 -1144 208 ) 
4 83 85 0 (160 -1144 184 ) (160 -1144 200 ) (160 -1024 200 ) (160 -1024 184 ) 
4 83 84 0 (160 -1144 200 ) (160 -1144 208 ) (160 -1024 208 ) (160 -1024 200 ) 
4 84 86 0 (128 -1024 200 ) (144 -1024 200 ) (144 -1144 200 ) (128 -1144 200 ) 
4 84 85 0 (144 -1024 200 ) (160 -1024 200 ) (160 -1144 200 ) (144 -1144 200 ) 
4 85 86 0 (144 -1144 192 ) (144 -1144 200 ) (144 -1024 200 ) (144 -1024 192 ) 
4 87 90 0 (-192 -168 352 ) (-192 -168 224 ) (-192 -288 224 ) (-192 -288 352 ) 
4 88 90 0 (-192 -296 224 ) (-192 -696 224 ) (-192 -696 352 ) (-192 -296 352 ) 
4 89 94 0 (-192 -1024 224 ) (0 -1024 224 ) (0 -1024 352 ) (-192 -1024 352 ) 
4 89 90 0 (-192 -704 224 ) (-192 -1024 224 ) (-192 -1024 352 ) (-192 -704 352 ) 
4 90 94 0 (-312 -1024 224 ) (-192 -1024 224 ) (-192 -1024 352 ) (-312 -1024 352 ) 
4 91 93 0 (-576 -1024 0 ) (-816 -1024 0 ) (-816 -704 0 ) (-576 -704 0 ) 
4 91 92 0 (0 -1024 0 ) (-576 -1024 0 ) (-576 -704 0 ) (0 -704 0 ) 
4 92 93 0 (-576 -704 0 ) (-576 -704 -64 ) (-576 -1024 -64 ) (-576 -1024 0 ) 
4 0 (1392 32 224 ) (1392 192 224 ) (1552 192 224 ) (1552 32 224 ) 
4 0 (1392 0 224 ) (1112 0 224 ) (1112 192 224 ) (1392 192 224 ) 
4 0 (1552 192 352 ) (1112 192 352 ) (1112 0 352 ) (1552 0 352 ) 
4 0 (1112 192 352 ) (1552 192 352 ) (1552 192 224 ) (1112 192 224 ) 
4 0 (1552 192 352 ) (1552 0 352 ) (1552 0 224 ) (1552 192 224 ) 
4 0 (1112 192 224 ) (1112 0 224 ) (1112 0 352 ) (1112 192 352 ) 
4 1 (1104 0 224 ) (1024 0 224 ) (1024 192 224 ) (1104 192 224 ) 
4 1 (1104 192 352 ) (1104 0 352 ) (1104 0 224 ) (1104 192 224 ) 
4 1 (1104 192 352 ) (1104 192 224 ) (1024 192 224 ) (1024 192 352 ) 
4 1 (1104 192 352 ) (1024 192 352 ) (1024 0 352 ) (1104 0 352 ) 
4 2 (1392 16 216 ) (1392 32 216 ) (1552 32 216 ) (1552 16 216 ) 
4 2 (1552 32 224 ) (1552 32 216 ) (1392 32 216 ) (1392 32 224 ) 
4 2 (1552 0 216 ) (1552 32 216 ) (1552 32 224 ) (1552 0 224 ) 
4 2 (1392 0 216 ) (1392 0 224 ) (1392 32 224 ) (1392 32 216 ) 
4 3 (1552 16 208 ) (1552 0 208 ) (1392 0 208 ) (1392 16 208 ) 
4 3 (1392 16 208 ) (1392 0 208 ) (1392 0 216 ) (1392 16 216 ) 
4 3 (1552 16 216 ) (1552 0 216 ) (1552 0 208 ) (1552 16 208 ) 
4 3 (1552 16 208 ) (1392 16 208 ) (1392 16 216 ) (1552 16 216 ) 
4 4 (1024 0 208 ) (1104 0 208 ) (1104 192 208 ) (1024 192 208 ) 
4 4 (1024 192 64 ) (1104 192 64 ) (1104 0 64 ) (1024 0 64 ) 
4 4 (1104 192 208 ) (1104 192 64 ) (1024 192 64 ) (1024 192 208 ) 
4 4 (1104 192 208 ) (1104 0 208 ) (1104 0 64 ) (1104 192 64 ) 
4 5 (1112 0 224 ) (1392 0 224 ) (1392 -128 224 ) (1112 -128 224 ) 
4 5 (1112 0 224 ) (1112 -128 224 ) (1112 -128 352 ) (1112 0 352 ) 
4 5 (1112 -128 352 ) (1552 -128 352 ) (1552 0 352 ) (1112 0 352 ) 
4 5 (1552 -128 352 ) (1552 -128 224 ) (1552 0 224 ) (1552 0 352 ) 
4 6 (1024 0 224 ) (1104 0 224 ) (1104 -128 224 ) (1024 -128 224 ) 
4 6 (1024 -128 352 ) (1104 -128 352 ) (1104 0 352 ) (1024 0 352 ) 
4 6 (1104 0 352 ) (1104 -128 352 ) (1104 -128 224 ) (1104 0 224 ) 
4 7 (1392 -256 224 ) (1024 -256 224 ) (1024 -128 224 ) (1392 -128 224 ) 
4 7 (1024 -128 352 ) (1024 -256 352 ) (1552 -256 352 ) (1552 -128 352 ) 
4 7 (1552 -128 352 ) (1552 -256 352 ) (1552 -256 224 ) (1552 -128 224 ) 
4 7 (1104 -128 352 ) (1112 -128 352 ) (1112 -128 224 ) (1104 -128 224 ) 
4 7 (1024 -256 224 ) (1552 -256 224 ) (1552 -256 352 ) (1024 -256 352 ) 
4 8 (1392 -256 208 ) (1552 -256 208 ) (1552 -256 224 ) (1392 -256 224 ) 
4 8 (1552 -256 224 ) (1552 -256 208 ) (1552 0 208 ) (1552 0 224 ) 
4 8 (1392 0 208 ) (1392 -256 208 ) (1392 -256 224 ) (1392 0 224 ) 
4 9 (1392 0 200 ) (1392 0 208 ) (1552 0 208 ) (1552 0 200 ) 
4 9 (1552 -16 208 ) (1552 -16 200 ) (1552 0 200 ) (1552 0 208 ) 
4 9 (1392 -16 200 ) (1392 -16 208 ) (1392 0 208 ) (1392 0 200 ) 
4 9 (1552 -16 200 ) (1392 -16 200 ) (1392 0 200 ) (1552 0 200 ) 
4 10 (1552 -32 192 ) (1552 -16 192 ) (1552 -16 208 ) (1552 -32 208 ) 
4 10 (1392 -32 208 ) (1392 -16 208 ) (1392 -16 192 ) (1392 -32 192 ) 
4 10 (1552 -16 200 ) (1552 -16 192 ) (1392 -16 192 ) (1392 -16 200 ) 
4 10 (1552 -32 192 ) (1392 -32 192 ) (1392 -16 192 ) (1552 -16 192 ) 
4 11 (1552 -48 184 ) (1552 -32 184 ) (1552 -32 208 ) (1552 -48 208 ) 
4 11 (1392 -48 208 ) (1392 -32 208 ) (1392 -32 184 ) (1392 -48 184 ) 
4 11 (1552 -32 192 ) (1552 -32 184 ) (1392 -32 184 ) (1392 -32 192 ) 
4 11 (1552 -48 184 ) (1392 -48 184 ) (1392 -32 184 ) (1552 -32 184 ) 
4 12 (1552 -64 176 ) (1552 -48 176 ) (1552 -48 208 ) (1552 -64 208 ) 
4 12 (1392 -64 208 ) (1392 -48 208 ) (1392 -48 176 ) (1392 -64 176 ) 
4 12 (1552 -48 184 ) (1552 -48 176 ) (1392 -48 176 ) (1392 -48 184 ) 
4 12 (1552 -64 176 ) (1392 -64 176 ) (1392 -48 176 ) (1552 -48 176 ) 
4 13 (1552 -80 168 ) (1552 -64 168 ) (1552 -64 208 ) (1552 -80 208 ) 
4 13 (1392 -80 208 ) (1392 -64 208 ) (1392 -64 168 ) (1392 -80 168 ) 
4 13 (1552 -64 176 ) (1552 -64 168 ) (1392 -64 168 ) (1392 -64 176 ) 
4 13 (1552 -80 168 ) (1392 -80 168 ) (1392 -64 168 ) (1552 -64 168 ) 
4 14 (1552 -96 160 ) (1552 -80 160 ) (1552 -80 208 ) (1552 -96 208 ) 
4 14 (1392 -96 208 ) (1392 -80 208 ) (1392 -80 160 ) (1392 -96 160 ) 
4 14 (1552 -80 168 ) (1552 -80 160 ) (1392 -80 160 ) (1392 -80 168 ) 
4 14 (1552 -96 160 ) (1392 -96 160 ) (1392 -80 160 ) (1552 -80 160 ) 
4 15 (1552 -112 152 ) (1552 -96 152 ) (1552 -96 208 ) (1552 -112 208 ) 
4 15 (1392 -112 208 ) (1392 -96 208 ) (1392 -96 152 ) (1392 -112 152 ) 
4 15 (1552 -96 160 ) (1552 -96 152 ) (1392 -96 152 ) (1392 -96 160 ) 
4 15 (1552 -112 152 ) (1392 -112 152 ) (1392 -96 152 ) (1552 -96 152 ) 
4 16 (1552 -128 144 ) (1552 -112 144 ) (1552 -112 208 ) (1552 -128 208 ) 
4 16 (1392 -128 208 ) (1392 -112 208 ) (1392 -112 144 ) (1392 -128 144 ) 
4 16 (1552 -112 152 ) (1552 -112 144 ) (1392 -112 144 ) (1392 -112 152 ) 
4 16 (1552 -128 144 ) (1392 -128 144 ) (1392 -112 144 ) (1552 -112 144 ) 
4 17 (1552 -144 136 ) (1552 -128 136 ) (1552 -128 208 ) (1552 -144 208 ) 
4 17 (1392 -144 208 ) (1392 -128 208 ) (1392 -128 136 ) (1392 -144 136 ) 
4 17 (1552 -128 144 ) (1552 -128 136 ) (1392 -128 136 ) (1392 -128 144 ) 
4 17 (1552 -144 136 ) (1392 -144 136 ) (1392 -128 136 ) (1552 -128 136 ) 
4 18 (1392 -160 128 ) (1392 -144 128 ) (1552 -144 128 ) (1552 -160 128 ) 
4 18 (1552 -144 136 ) (1552 -144 128 ) (1392 -144 128 ) (1392 -144 136 ) 
4 18 (1392 -272 128 ) (1392 -272 208 ) (1392 -144 208 ) (1392 -144 128 ) 
4 18 (1552 -144 128 ) (1552 -144 208 ) (1552 -272 208 ) (1552 -272 128 ) 
4 18 (1552 -256 208 ) (1392 -256 208 ) (1392 -272 208 ) (1552 -272 208 ) 
4 19 (1392 -176 120 ) (1392 -160 120 ) (1552 -160 120 ) (1552 -176 120 ) 
4 19 (1392 -272 120 ) (1392 -272 128 ) (1392 -160 128 ) (1392 -160 120 ) 
4 19 (1552 -160 120 ) (1552 -160 128 ) (1552 -272 128 ) (1552 -272 120 ) 
4 19 (1392 -160 128 ) (1552 -160 128 ) (1552 -160 120 ) (1392 -160 120 ) 
4 20 (1392 -192 112 ) (1392 -176 112 ) (1552 -176 112 ) (1552 -192 112 ) 
4 20 (1392 -272 112 ) (1392 -272 120 ) (1392 -176 120 ) (1392 -176 112 ) 
4 20 (1552 -176 112 ) (1552 -176 120 ) (1552 -272 120 ) (1552 -272 112 ) 
4 20 (1392 -176 120 ) (1552 -176 120 ) (1552 -176 112 ) (1392 -176 112 ) 
4 21 (1392 -208 104 ) (1392 -192 104 ) (1552 -192 104 ) (1552 -208 104 ) 
4 21 (1392 -272 104 ) (1392 -272 112 ) (1392 -192 112 ) (1392 -192 104 ) 
4 21 (1552 -192 104 ) (1552 -192 112 ) (1552 -272 112 ) (1552 -272 104 ) 
4 21 (1392 -192 112 ) (1552 -192 112 ) (1552 -192 104 ) (1392 -192 104 ) 
4 22 (1392 -224 96 ) (1392 -208 96 ) (1552 -208 96 ) (1552 -224 96 ) 
4 22 (1392 -272 96 ) (1392 -272 104 ) (1392 -208 104 ) (1392 -208 96 ) 
4 22 (1552 -208 96 ) (1552 -208 104 ) (1552 -272 104 ) (1552 -272 96 ) 
4 22 (1392 -208 104 ) (1552 -208 104 ) (1552 -208 96 ) (1392 -208 96 ) 
4 23 (1392 -240 88 ) (1392 -224 88 ) (1552 -224 88 ) (1552 -240 88 ) 
4 23 (1392 -272 88 ) (1392 -272 96 ) (1392 -224 96 ) (1392 -224 88 ) 
4 23 (1552 -224 88 ) (1552 -224 96 ) (1552 -272 96 ) (1552 -272 88 ) 
4 23 (1392 -224 96 ) (1552 -224 96 ) (1552 -224 88 ) (1392 -224 88 ) 
4 24 (1392 -256 80 ) (1392 -240 80 ) (1552 -240 80 ) (1552 -256 80 ) 
4 24 (1392 -272 80 ) (1392 -272 88 ) (1392 -240 88 ) (1392 -240 80 ) 
4 24 (1552 -240 80 ) (1552 -240 88 ) (1552 -272 88 ) (1552 -272 80 ) 
4 24 (1392 -240 88 ) (1552 -240 88 ) (1552 -240 80 ) (1392 -240 80 ) 
4 25 (1552 -272 72 ) (1392 -272 72 ) (1392 -256 72 ) (1552 -256 72 ) 
4 25 (1392 -272 72 ) (1392 -272 80 ) (1392 -256 80 ) (1392 -256 72 ) 
4 25 (1552 -256 72 ) (1552 -256 80 ) (1552 -272 80 ) (1552 -272 72 ) 
4 25 (1392 -256 80 ) (1552 -256 80 ) (1552 -256 72 ) (1392 -256 72 ) 
4 26 (1104 0 208 ) (1104 -272 208 ) (1104 -272 64 ) (1104 0 64 ) 
4 26 (1024 -272 64 ) (1024 0 64 ) (1104 0 64 ) (1104 -272 64 ) 
4 26 (1104 -256 208 ) (1104 0 208 ) (1024 0 208 ) (1024 -256 208 ) 
4 26 (1104 -256 208 ) (1024 -256 208 ) (1024 -272 208 ) (1104 -272 208 ) 
4 27 (1024 -704 208 ) (1552 -704 208 ) (1552 -272 208 ) (1024 -272 208 ) 
4 27 (1392 -272 72 ) (1552 -272 72 ) (1552 -272 64 ) (1392 -272 64 ) 
4 27 (1104 -272 208 ) (1392 -272 208 ) (1392 -272 64 ) (1104 -272 64 ) 
4 27 (1552 -272 208 ) (1552 -704 208 ) (1552 -704 64 ) (1552 -272 64 ) 
4 27 (1024 -704 64 ) (1024 -272 64 ) (1552 -272 64 ) (1552 -704 64 ) 
4 27 (1024 -704 64 ) (1552 -704 64 ) (1552 -704 208 ) (1024 -704 208 ) 
4 28 (1024 0 224 ) (600 0 224 ) (600 192 224 ) (1024 192 224 ) 
4 28 (600 192 352 ) (1024 192 352 ) (1024 192 224 ) (600 192 224 ) 
4 28 (1024 192 352 ) (600 192 352 ) (600 0 352 ) (1024 0 352 ) 
4 28 (600 192 224 ) (600 0 224 ) (600 0 352 ) (600 192 352 ) 
4 29 (592 0 192 ) (592 0 208 ) (592 192 208 ) (592 192 192 ) 
4 29 (784 0 192 ) (768 0 192 ) (768 64 192 ) (784 64 192 ) 
4 29 (1024 192 208 ) (1024 192 192 ) (592 192 192 ) (592 192 208 ) 
4 29 (1024 192 208 ) (592 192 208 ) (592 0 208 ) (1024 0 208 ) 
4 30 (592 64 192 ) (592 192 192 ) (592 192 64 ) (592 64 64 ) 
4 30 (768 64 64 ) (784 64 64 ) (784 64 192 ) (768 64 192 ) 
4 30 (1024 192 192 ) (1024 192 64 ) (592 192 64 ) (592 192 192 ) 
4 30 (592 64 64 ) (592 192 64 ) (1024 192 64 ) (1024 64 64 ) 
4 31 (1024 0 64 ) (784 0 64 ) (784 64 64 ) (1024 64 64 ) 
4 31 (784 64 192 ) (784 64 64 ) (784 0 64 ) (784 0 192 ) 
4 32 (592 0 64 ) (592 0 192 ) (592 64 192 ) (592 64 64 ) 
4 32 (768 0 192 ) (768 0 64 ) (768 64 64 ) (768 64 192 ) 
4 32 (768 0 64 ) (592 0 64 ) (592 64 64 ) (768 64 64 ) 
4 33 (0 0 64 ) (0 0 320 ) (0 32 320 ) (0 32 64 ) 
4 33 (0 32 320 ) (576 32 320 ) (576 32 64 ) (0 32 64 ) 
4 33 (576 32 64 ) (576 0 64 ) (0 0 64 ) (0 32 64 ) 
4 33 (576 32 320 ) (576 0 320 ) (576 0 64 ) (576 32 64 ) 
4 33 (0 0 320 ) (576 0 320 ) (576 32 320 ) (0 32 320 ) 
4 34 (928 -256 224 ) (928 0 224 ) (1024 0 224 ) (1024 -256 224 ) 
4 34 (1024 -256 352 ) (1024 0 352 ) (928 0 352 ) (928 -256 352 ) 
4 34 (928 -256 352 ) (928 -256 224 ) (1024 -256 224 ) (1024 -256 352 ) 
4 35 (928 -256 224 ) (928 -272 224 ) (600 -272 224 ) (600 -256 224 ) 
4 35 (600 0 224 ) (928 0 224 ) (928 -256 224 ) (600 -256 224 ) 
4 35 (600 -272 224 ) (800 -272 224 ) (800 -272 352 ) (600 -272 352 ) 
4 35 (600 -272 352 ) (928 -272 352 ) (928 0 352 ) (600 0 352 ) 
4 35 (928 -256 352 ) (928 -272 352 ) (928 -272 224 ) (928 -256 224 ) 
4 35 (600 0 224 ) (600 -272 224 ) (600 -272 352 ) (600 0 352 ) 
4 36 (800 -272 224 ) (928 -272 224 ) (928 -696 224 ) (800 -696 224 ) 
4 36 (800 -272 352 ) (800 -272 224 ) (800 -288 224 ) (800 -288 352 ) 
4 36 (800 -696 352 ) (928 -696 352 ) (928 -272 352 ) (800 -272 352 ) 
4 36 (928 -272 352 ) (928 -696 352 ) (928 -696 224 ) (928 -272 224 ) 
4 36 (800 -696 224 ) (928 -696 224 ) (928 -696 352 ) (800 -696 352 ) 
4 37 (592 -696 224 ) (592 -288 224 ) (800 -288 224 ) (800 -696 224 ) 
4 37 (592 -696 224 ) (800 -696 224 ) (800 -696 352 ) (592 -696 352 ) 
4 37 (800 -696 352 ) (800 -288 352 ) (592 -288 352 ) (592 -696 352 ) 
4 37 (592 -288 352 ) (800 -288 352 ) (800 -288 224 ) (592 -288 224 ) 
4 38 (928 -256 208 ) (768 -256 208 ) (768 -256 192 ) (928 -256 192 ) 
4 38 (768 -128 192 ) (768 0 192 ) (784 0 192 ) (784 -128 192 ) 
4 38 (768 -256 208 ) (1024 -256 208 ) (1024 0 208 ) (768 0 208 ) 
4 39 (784 0 64 ) (1024 0 64 ) (1024 -256 64 ) (784 -256 64 ) 
4 39 (784 -256 64 ) (928 -256 64 ) (928 -256 192 ) (784 -256 192 ) 
4 39 (784 0 64 ) (784 -128 64 ) (784 -128 192 ) (784 0 192 ) 
4 40 (784 -128 64 ) (784 -256 64 ) (768 -256 64 ) (768 -128 64 ) 
4 40 (768 -256 192 ) (768 -256 64 ) (784 -256 64 ) (784 -256 192 ) 
4 40 (768 -128 64 ) (768 -128 192 ) (784 -128 192 ) (784 -128 64 ) 
4 41 (592 -256 64 ) (592 0 64 ) (768 0 64 ) (768 -256 64 ) 
4 41 (592 -64 64 ) (592 -256 64 ) (592 -256 160 ) (592 -64 160 ) 
4 41 (592 0 176 ) (592 0 160 ) (592 -256 160 ) (592 -256 176 ) 
4 41 (592 0 208 ) (592 0 176 ) (592 -256 176 ) (592 -256 208 ) 
4 41 (768 -256 208 ) (592 -256 208 ) (592 -256 64 ) (768 -256 64 ) 
4 41 (768 0 192 ) (768 -128 192 ) (768 -128 64 ) (768 0 64 ) 
4 41 (768 -256 208 ) (768 0 208 ) (592 0 208 ) (592 -256 208 ) 
4 42 (928 -256 64 ) (1024 -256 64 ) (1024 -704 64 ) (928 -704 64 ) 
4 42 (1024 -704 208 ) (928 -704 208 ) (928 -704 64 ) (1024 -704 64 ) 
4 42 (928 -704 208 ) (1024 -704 208 ) (1024 -256 208 ) (928 -256 208 ) 
4 42 (928 -256 208 ) (928 -256 64 ) (928 -704 64 ) (928 -704 208 ) 
4 43 (592 -288 352 ) (592 -288 224 ) (576 -288 224 ) (576 -288 352 ) 
4 43 (576 -288 352 ) (576 -696 352 ) (592 -696 352 ) (592 -288 352 ) 
4 43 (576 -696 224 ) (576 -288 224 ) (592 -288 224 ) (592 -696 224 ) 
4 43 (576 -696 352 ) (576 -696 224 ) (592 -696 224 ) (592 -696 352 ) 
4 44 (584 -48 168 ) (584 -48 176 ) (576 -48 176 ) (576 -48 162 ) 
4 44 (584 -16 168 ) (584 -16 176 ) (584 -48 176 ) (584 -48 168 ) 
4 44 (584 -48 176 ) (584 -16 176 ) (576 -16 176 ) (576 -48 176 ) 
4 44 (576 -16 162 ) (576 -16 176 ) (584 -16 176 ) (584 -16 168 ) 
4 44 (584 -48 168.003143 ) (576 -48 162.003128 ) (576 -16 162 ) (584 -16 168.003143 ) 
4 45 (590 0 64 ) (592 0 64 ) (592 -64 64 ) (590 -64 64 ) 
4 45 (590 0 64 ) (590 0 160 ) (592 0 160 ) (592 0 64 ) 
4 45 (590 -64 160 ) (592 -64 160 ) (592 0 160 ) (590 0 160 ) 
4 45 (592 -64 64 ) (592 -64 160 ) (590 -64 160 ) (590 -64 64 ) 
4 45 (590 0 64 ) (590 -64 64 ) (590 -64 160 ) (590 0 160 ) 
4 46 (576 -64 64 ) (576 0 64 ) (578 0 64 ) (578 -64 64 ) 
4 46 (578 0 160 ) (578 -64 160 ) (578 -64 64 ) (578 0 64 ) 
4 46 (578 -64 160 ) (576 -64 160 ) (576 -64 64 ) (578 -64 64 ) 
4 46 (578 -48 160 ) (578 -16 160 ) (576 -16 160 ) (576 -48 160 ) 
4 46 (578 -64 160 ) (578 -48 160 ) (576 -48 160 ) (576 -64 160 ) 
4 46 (578 -16 160 ) (578 0 160 ) (576 0 160 ) (576 -16 160 ) 
4 46 (578 0 64 ) (576 0 64 ) (576 0 160 ) (578 0 160 ) 
4 47 (0 0 224 ) (0 0 108 ) (0 -96 108 ) (0 -96 224 ) 
4 47 (0 0 320 ) (0 0 224 ) (0 -96 224 ) (0 -96 320 ) 
4 47 (576 -96 224 ) (576 -96 320 ) (0 -96 320 ) (0 -96 224 ) 
4 47 (576 -96 108 ) (576 -96 224 ) (0 -96 224 ) (0 -96 108 ) 
4 47 (551.314880 -89.210487 108 ) (549.908081 -87.788918 108 ) (568.388489 -69.500244 108 ) (569.795288 -70.921814 108 ) 
4 47 (576 0 320 ) (0 0 320 ) (0 -96 320 ) (576 -96 320 ) 
4 47 (576 -96 176 ) (576 0 176 ) (576 0 224 ) (576 -96 224 ) 
4 47 (576 -96 320 ) (576 -96 224 ) (576 0 224 ) (576 0 320 ) 
4 47 (576 -16 160 ) (576 0 160 ) (576 0 176 ) (576 -16 176 ) 
4 47 (576 -96 160 ) (576 -48 160 ) (576 -48 176 ) (576 -96 176 ) 
4 47 (576 -48 162 ) (576 -48 160 ) (576 -16 160 ) (576 -16 162 ) 
4 47 (576 -64 108 ) (576 -64 160 ) (576 -96 160 ) (576 -96 108 ) 
4 48 (0 0 108 ) (0 0 90 ) (0 -96 90 ) (0 -96 108 ) 
4 48 (558.033997 -96 108 ) (0 -96 108 ) (0 -96 90 ) (558.033997 -96 90 ) 
4 48 (551.313660 -89.211700 90 ) (549.906860 -87.790131 90 ) (549.909790 -87.787216 108 ) (551.316589 -89.208832 108 ) 
4 49 (549.905029 -87.787338 108 ) (549.905029 -87.787338 90 ) (568.386169 -69.497925 90 ) (568.386902 -69.498718 108 ) 
4 50 (576 -96 90 ) (576 -96 108 ) (558.033997 -96 108 ) (558.033997 -96 90 ) 
4 50 (569.793945 -70.920433 90 ) (551.311218 -89.209221 90 ) (551.311218 -89.209221 108 ) (569.792847 -70.919327 108 ) 
4 50 (576 -64.781464 90 ) (576 -64.781464 108 ) (576 -96 108 ) (576 -96 90 ) 
4 51 (576 -64.781464 90 ) (576 -64 90 ) (576 -64 108 ) (576 -64.781464 108 ) 
4 51 (568.384399 -69.501900 108 ) (568.384399 -69.501900 90 ) (569.789978 -70.921631 90 ) (569.789978 -70.921631 108 ) 
4 52 (0 0 90 ) (0 0 64 ) (0 -96 64 ) (0 -96 90 ) 
4 52 (0 -96 64 ) (0 0 64 ) (192 0 64 ) (192 -96 64 ) 
4 52 (192 0 64 ) (479.912598 0 64 ) (574.916748 -96 64 ) (192 -96 64 ) 
4 52 (0 -96 64 ) (574.916748 -96 64 ) (574.916748 -96 90 ) (0 -96 90 ) 
4 52 (558.439758 -79.345772 90 ) (559.846558 -80.767342 90 ) (559.846619 -80.767334 64 ) (558.439758 -79.345749 64 ) 
4 52 (559.844299 -80.769562 90 ) (558.437500 -79.347992 90 ) (549.908081 -87.788918 90 ) (551.314880 -89.210487 90 ) 
4 53 (479.912598 0 64 ) (576 0 64 ) (576 -61.967667 64 ) (558.437500 -79.348007 64 ) 
4 53 (558.434448 -79.346413 90 ) (558.434448 -79.346413 64 ) (559.856750 -77.938850 64 ) (559.856750 -77.938850 90 ) 
4 54 (576 -64.781464 64 ) (576 -96 64 ) (574.916748 -96 64 ) (559.844299 -80.769577 64 ) 
4 54 (574.916748 -96 64 ) (576 -96 64 ) (576 -96 90 ) (574.916748 -96 90 ) 
4 54 (559.840637 -80.768295 64 ) (559.840637 -80.768295 90 ) (561.263428 -79.360275 90 ) (561.263428 -79.360275 64 ) 
4 54 (576 -64.781464 90 ) (576 -96 90 ) (576 -96 64 ) (576 -64.781464 64 ) 
4 55 (576 -61.967667 64 ) (576 -64.781464 64 ) (561.265869 -79.362732 64 ) (559.859070 -77.941185 64 ) 
4 55 (561.265869 -79.362740 90 ) (569.795288 -70.921814 90 ) (568.388489 -69.500244 90 ) (559.859070 -77.941170 90 ) 
4 55 (576 -64 90 ) (576 -64.781464 90 ) (576 -64.781464 64 ) (576 -64 64 ) 
4 55 (559.860352 -77.938774 90 ) (559.860352 -77.938774 64 ) (561.266541 -79.359131 64 ) (561.266541 -79.359131 90 ) 
4 56 (80 -288 352 ) (0 -288 352 ) (0 -288 224 ) (80 -288 224 ) 
4 56 (0 -168 352 ) (192 -168 352 ) (192 -168 224 ) (0 -168 224 ) 
4 56 (192 -168 352 ) (0 -168 352 ) (0 -288 352 ) (192 -288 352 ) 
4 56 (192 -288 224 ) (0 -288 224 ) (0 -168 224 ) (192 -168 224 ) 
4 56 (192 -288 352 ) (192 -288 224 ) (192 -168 224 ) (192 -168 352 ) 
4 57 (496 -288 224 ) (576 -288 224 ) (576 -576 224 ) (496 -576 224 ) 
4 57 (496 -288 224 ) (496 -288 352 ) (576 -288 352 ) (576 -288 224 ) 
4 57 (496 -288 352 ) (496 -576 352 ) (576 -576 352 ) (576 -288 352 ) 
4 57 (496 -288 352 ) (496 -288 224 ) (496 -576 224 ) (496 -576 352 ) 
4 58 (576 -576 224 ) (576 -696 224 ) (480 -696 224 ) (480 -576 224 ) 
4 58 (480 -576 352 ) (480 -696 352 ) (576 -696 352 ) (576 -576 352 ) 
4 58 (496 -576 352 ) (496 -576 224 ) (480 -576 224 ) (480 -576 352 ) 
4 58 (480 -696 352 ) (480 -696 224 ) (576 -696 224 ) (576 -696 352 ) 
4 59 (80 -288 224 ) (480 -288 224 ) (480 -696 224 ) (80 -696 224 ) 
4 59 (80 -296 224 ) (80 -696 224 ) (80 -696 352 ) (80 -296 352 ) 
4 59 (80 -288 352 ) (80 -288 224 ) (80 -296 224 ) (80 -296 352 ) 
4 59 (480 -696 352 ) (480 -288 352 ) (80 -288 352 ) (80 -696 352 ) 
4 59 (480 -288 224 ) (192 -288 224 ) (192 -288 352 ) (480 -288 352 ) 
4 59 (480 -576 352 ) (480 -576 224 ) (480 -288 224 ) (480 -288 352 ) 
4 59 (80 -696 352 ) (80 -696 224 ) (480 -696 224 ) (480 -696 352 ) 
4 60 (80 -704 224 ) (80 -1024 224 ) (80 -1024 352 ) (80 -704 352 ) 
4 60 (480 -704 352 ) (480 -704 224 ) (80 -704 224 ) (80 -704 352 ) 
4 60 (480 -704 352 ) (480 -1024 352 ) (480 -1024 224 ) (480 -704 224 ) 
4 60 (480 -704 352 ) (80 -704 352 ) (80 -1024 352 ) (480 -1024 352 ) 
4 61 (0 -696 224 ) (0 -296 224 ) (64 -296 224 ) (64 -696 224 ) 
4 61 (0 -296 352 ) (64 -296 352 ) (64 -296 224 ) (0 -296 224 ) 
4 61 (64 -696 352 ) (64 -296 352 ) (0 -296 352 ) (0 -696 352 ) 
4 61 (64 -696 352 ) (64 -696 224 ) (64 -296 224 ) (64 -296 352 ) 
4 61 (0 -696 224 ) (64 -696 224 ) (64 -696 352 ) (0 -696 352 ) 
4 62 (64 -1024 224 ) (0 -1024 224 ) (0 -704 224 ) (64 -704 224 ) 
4 62 (0 -704 352 ) (64 -704 352 ) (64 -704 224 ) (0 -704 224 ) 
4 62 (64 -704 352 ) (64 -1024 352 ) (64 -1024 224 ) (64 -704 224 ) 
4 62 (64 -704 352 ) (0 -704 352 ) (0 -1024 352 ) (64 -1024 352 ) 
4 63 (272 -1024 120 ) (272 -1024 112 ) (288 -1024 112 ) (288 -1024 120 ) 
4 63 (272 -1024 112 ) (272 -1024 104 ) (304 -1024 104 ) (304 -1024 112 ) 
4 63 (272 -1024 128 ) (256 -1024 128 ) (256 -1024 104 ) (272 -1024 104 ) 
4 63 (256 -1024 96 ) (320 -1024 96 ) (320 -1024 104 ) (256 -1024 104 ) 
4 63 (240 -1024 136 ) (240 -1024 96 ) (256 -1024 96 ) (256 -1024 136 ) 
4 63 (240 -1024 96 ) (240 -1024 88 ) (336 -1024 88 ) (336 -1024 96 ) 
4 63 (240 -1024 144 ) (224 -1024 144 ) (224 -1024 88 ) (240 -1024 88 ) 
4 63 (224 -1024 80 ) (352 -1024 80 ) (352 -1024 88 ) (224 -1024 88 ) 
4 63 (208 -1024 152 ) (208 -1024 80 ) (224 -1024 80 ) (224 -1024 152 ) 
4 63 (208 -1024 80 ) (208 -1024 72 ) (368 -1024 72 ) (368 -1024 80 ) 
4 63 (208 -1024 160 ) (192 -1024 160 ) (192 -1024 72 ) (208 -1024 72 ) 
4 63 (480 -1024 72 ) (480 -704 72 ) (480 -704 224 ) (480 -1024 224 ) 
4 63 (192 -704 72 ) (192 -704 224 ) (480 -704 224 ) (480 -704 72 ) 
4 63 (192 -1024 72 ) (192 -704 72 ) (480 -704 72 ) (480 -1024 72 ) 
4 64 (128 -1024 192 ) (128 -1024 184 ) (144 -1024 184 ) (144 -1024 192 ) 
4 64 (128 -1024 200 ) (112 -1024 200 ) (112 -1024 184 ) (128 -1024 184 ) 
4 64 (112 -1024 176 ) (160 -1024 176 ) (160 -1024 184 ) (112 -1024 184 ) 
4 64 (96 -1024 208 ) (96 -1024 176 ) (112 -1024 176 ) (112 -1024 208 ) 
4 64 (96 -1024 176 ) (96 -1024 168 ) (176 -1024 168 ) (176 -1024 176 ) 
4 64 (96 -1024 216 ) (80 -1024 216 ) (80 -1024 168 ) (96 -1024 168 ) 
4 64 (80 -1024 64 ) (192 -1024 64 ) (192 -1024 168 ) (80 -1024 168 ) 
4 64 (80 -704 224 ) (192 -704 224 ) (192 -704 64 ) (80 -704 64 ) 
4 64 (192 -1024 72 ) (192 -1024 64 ) (192 -704 64 ) (192 -704 72 ) 
4 64 (80 -704 224 ) (80 -704 64 ) (80 -1024 64 ) (80 -1024 224 ) 
4 65 (80 -1024 0 ) (192 -1024 0 ) (192 -1024 64 ) (80 -1024 64 ) 
4 65 (0 -1024 64 ) (0 -1024 0 ) (80 -1024 0 ) (80 -1024 64 ) 
4 65 (192 -704 64 ) (192 -1024 64 ) (192 -1024 0 ) (192 -704 0 ) 
4 65 (80 -704 64 ) (0 -704 64 ) (0 -1024 64 ) (80 -1024 64 ) 
4 65 (0 -704 64 ) (192 -704 64 ) (192 -704 0 ) (0 -704 0 ) 
4 66 (0 -1024 0 ) (0 -1024 -64 ) (192 -1024 -64 ) (192 -1024 0 ) 
4 66 (192 -1024 0 ) (192 -1024 -64 ) (192 -704 -64 ) (192 -704 0 ) 
4 66 (192 -704 -64 ) (0 -704 -64 ) (0 -704 0 ) (192 -704 0 ) 
4 66 (0 -704 -64 ) (192 -704 -64 ) (192 -1024 -64 ) (0 -1024 -64 ) 
4 67 (0 -1024 224 ) (80 -1024 224 ) (80 -1144 224 ) (0 -1144 224 ) 
4 67 (0 -1144 352 ) (0 -1144 224 ) (480 -1144 224 ) (480 -1144 352 ) 
4 67 (64 -1024 352 ) (80 -1024 352 ) (80 -1024 224 ) (64 -1024 224 ) 
4 67 (480 -1144 352 ) (480 -1144 224 ) (480 -1024 224 ) (480 -1024 352 ) 
4 67 (0 -1144 352 ) (480 -1144 352 ) (480 -1024 352 ) (0 -1024 352 ) 
4 68 (192 -1144 160 ) (192 -1144 168 ) (192 -1024 168 ) (192 -1024 160 ) 
4 68 (192 -1144 160 ) (192 -1024 160 ) (208 -1024 160 ) (208 -1144 160 ) 
4 68 (480 -1144 224 ) (480 -1144 160 ) (480 -1024 160 ) (480 -1024 224 ) 
4 68 (480 -1144 160 ) (480 -1144 224 ) (192 -1144 224 ) (192 -1144 160 ) 
4 69 (368 -1024 72 ) (368 -1144 72 ) (368 -1144 80 ) (368 -1024 80 ) 
4 69 (480 -1144 72 ) (480 -1144 160 ) (368 -1144 160 ) (368 -1144 72 ) 
4 69 (480 -1144 160 ) (480 -1144 72 ) (480 -1024 72 ) (480 -1024 160 ) 
4 69 (368 -1024 72 ) (480 -1024 72 ) (480 -1144 72 ) (368 -1144 72 ) 
4 70 (208 -1144 152 ) (208 -1024 152 ) (224 -1024 152 ) (224 -1144 152 ) 
4 70 (368 -1144 160 ) (208 -1144 160 ) (208 -1144 152 ) (368 -1144 152 ) 
4 70 (208 -1144 152 ) (208 -1144 160 ) (208 -1024 160 ) (208 -1024 152 ) 
4 71 (352 -1024 80 ) (352 -1144 80 ) (352 -1144 88 ) (352 -1024 88 ) 
4 71 (352 -1144 80 ) (368 -1144 80 ) (368 -1144 152 ) (352 -1144 152 ) 
4 71 (352 -1024 80 ) (368 -1024 80 ) (368 -1144 80 ) (352 -1144 80 ) 
4 72 (224 -1144 144 ) (224 -1024 144 ) (240 -1024 144 ) (240 -1144 144 ) 
4 72 (352 -1144 144 ) (352 -1144 152 ) (224 -1144 152 ) (224 -1144 144 ) 
4 72 (224 -1144 144 ) (224 -1144 152 ) (224 -1024 152 ) (224 -1024 144 ) 
4 73 (336 -1024 88 ) (336 -1144 88 ) (336 -1144 96 ) (336 -1024 96 ) 
4 73 (352 -1144 88 ) (352 -1144 144 ) (336 -1144 144 ) (336 -1144 88 ) 
4 73 (336 -1024 88 ) (352 -1024 88 ) (352 -1144 88 ) (336 -1144 88 ) 
4 74 (240 -1144 136 ) (240 -1024 136 ) (256 -1024 136 ) (256 -1144 136 ) 
4 74 (336 -1144 144 ) (240 -1144 144 ) (240 -1144 136 ) (336 -1144 136 ) 
4 74 (240 -1144 136 ) (240 -1144 144 ) (240 -1024 144 ) (240 -1024 136 ) 
4 75 (320 -1024 96 ) (320 -1144 96 ) (320 -1144 104 ) (320 -1024 104 ) 
4 75 (320 -1144 96 ) (336 -1144 96 ) (336 -1144 136 ) (320 -1144 136 ) 
4 75 (320 -1024 96 ) (336 -1024 96 ) (336 -1144 96 ) (320 -1144 96 ) 
4 76 (256 -1144 128 ) (256 -1024 128 ) (272 -1024 128 ) (272 -1144 128 ) 
4 76 (320 -1144 128 ) (320 -1144 136 ) (256 -1144 136 ) (256 -1144 128 ) 
4 76 (256 -1144 128 ) (256 -1144 136 ) (256 -1024 136 ) (256 -1024 128 ) 
4 77 (304 -1024 104 ) (304 -1144 104 ) (304 -1144 112 ) (304 -1024 112 ) 
4 77 (320 -1144 104 ) (320 -1144 128 ) (304 -1144 128 ) (304 -1144 104 ) 
4 77 (304 -1024 104 ) (320 -1024 104 ) (320 -1144 104 ) (304 -1144 104 ) 
4 78 (272 -1144 120 ) (272 -1024 120 ) (288 -1024 120 ) (288 -1144 120 ) 
4 78 (304 -1144 128 ) (272 -1144 128 ) (272 -1144 120 ) (304 -1144 120 ) 
4 78 (272 -1144 120 ) (272 -1144 128 ) (272 -1024 128 ) (272 -1024 120 ) 
4 79 (288 -1024 112 ) (304 -1024 112 ) (304 -1144 112 ) (288 -1144 112 ) 
4 79 (288 -1144 112 ) (304 -1144 112 ) (304 -1144 120 ) (288 -1144 120 ) 
4 79 (288 -1024 112 ) (288 -1144 112 ) (288 -1144 120 ) (288 -1024 120 ) 
4 80 (80 -1144 216 ) (80 -1024 216 ) (96 -1024 216 ) (96 -1144 216 ) 
4 80 (192 -1144 216 ) (192 -1144 224 ) (80 -1144 224 ) (80 -1144 216 ) 
4 80 (80 -1144 216 ) (80 -1144 224 ) (80 -1024 224 ) (80 -1024 216 ) 
4 81 (176 -1024 168 ) (176 -1144 168 ) (176 -1144 176 ) (176 -1024 176 ) 
4 81 (192 -1144 168 ) (192 -1144 216 ) (176 -1144 216 ) (176 -1144 168 ) 
4 81 (176 -1024 168 ) (192 -1024 168 ) (192 -1144 168 ) (176 -1144 168 ) 
4 82 (96 -1144 208 ) (96 -1024 208 ) (112 -1024 208 ) (112 -1144 208 ) 
4 82 (176 -1144 216 ) (96 -1144 216 ) (96 -1144 208 ) (176 -1144 208 ) 
4 82 (96 -1144 208 ) (96 -1144 216 ) (96 -1024 216 ) (96 -1024 208 ) 
4 83 (160 -1024 176 ) (160 -1144 176 ) (160 -1144 184 ) (160 -1024 184 ) 
4 83 (160 -1144 176 ) (176 -1144 176 ) (176 -1144 208 ) (160 -1144 208 ) 
4 83 (160 -1024 176 ) (176 -1024 176 ) (176 -1144 176 ) (160 -1144 176 ) 
4 84 (112 -1144 200 ) (112 -1024 200 ) (128 -1024 200 ) (128 -1144 200 ) 
4 84 (160 -1144 200 ) (160 -1144 208 ) (112 -1144 208 ) (112 -1144 200 ) 
4 84 (112 -1144 200 ) (112 -1144 208 ) (112 -1024 208 ) (112 -1024 200 ) 
4 85 (144 -1024 184 ) (144 -1144 184 ) (144 -1144 192 ) (144 -1024 192 ) 
4 85 (160 -1144 184 ) (160 -1144 200 ) (144 -1144 200 ) (144 -1144 184 ) 
4 85 (144 -1024 184 ) (160 -1024 184 ) (160 -1144 184 ) (144 -1144 184 ) 
4 86 (128 -1144 192 ) (128 -1144 200 ) (128 -1024 200 ) (128 -1024 192 ) 
4 86 (144 -1144 200 ) (128 -1144 200 ) (128 -1144 192 ) (144 -1144 192 ) 
4 86 (128 -1144 192 ) (128 -1024 192 ) (144 -1024 192 ) (144 -1144 192 ) 
4 87 (-192 -288 224 ) (-192 -168 224 ) (0 -168 224 ) (0 -288 224 ) 
4 87 (0 -288 352 ) (0 -168 352 ) (-192 -168 352 ) (-192 -288 352 ) 
4 87 (-192 -168 352 ) (0 -168 352 ) (0 -168 224 ) (-192 -168 224 ) 
4 87 (-192 -288 352 ) (-192 -288 224 ) (0 -288 224 ) (0 -288 352 ) 
4 88 (-192 -696 224 ) (-192 -296 224 ) (0 -296 224 ) (0 -696 224 ) 
4 88 (-192 -696 352 ) (-192 -696 224 ) (0 -696 224 ) (0 -696 352 ) 
4 88 (0 -296 352 ) (0 -296 224 ) (-192 -296 224 ) (-192 -296 352 ) 
4 88 (0 -696 352 ) (0 -296 352 ) (-192 -296 352 ) (-192 -696 352 ) 
4 89 (0 -1024 224 ) (-192 -1024 224 ) (-192 -704 224 ) (0 -704 224 ) 
4 89 (0 -704 352 ) (-192 -704 352 ) (-192 -1024 352 ) (0 -1024 352 ) 
4 89 (0 -704 352 ) (0 -704 224 ) (-192 -704 224 ) (-192 -704 352 ) 
4 90 (-192 -1024 224 ) (-312 -1024 224 ) (-312 -168 224 ) (-192 -168 224 ) 
4 90 (-192 -168 352 ) (-312 -168 352 ) (-312 -1024 352 ) (-192 -1024 352 ) 
4 90 (-312 -168 352 ) (-192 -168 352 ) (-192 -168 224 ) (-312 -168 224 ) 
4 90 (-192 -288 352 ) (-192 -296 352 ) (-192 -296 224 ) (-192 -288 224 ) 
4 90 (-192 -696 352 ) (-192 -704 352 ) (-192 -704 224 ) (-192 -696 224 ) 
4 90 (-312 -168 352 ) (-312 -168 224 ) (-312 -1024 224 ) (-312 -1024 352 ) 
4 91 (-312 -1024 0 ) (0 -1024 0 ) (0 -1024 64 ) (-312 -1024 64 ) 
4 91 (-816 -1024 0 ) (-312 -1024 0 ) (-312 -1024 64 ) (-816 -1024 64 ) 
4 91 (0 -704 64 ) (-816 -704 64 ) (-816 -1024 64 ) (0 -1024 64 ) 
4 91 (-816 -704 0 ) (-816 -1024 0 ) (-816 -1024 64 ) (-816 -704 64 ) 
4 91 (0 -704 0 ) (-816 -704 0 ) (-816 -704 64 ) (0 -704 64 ) 
4 92 (0 -1024 -64 ) (0 -1024 0 ) (-576 -1024 0 ) (-576 -1024 -64 ) 
4 92 (-576 -704 -64 ) (-576 -704 0 ) (0 -704 0 ) (0 -704 -64 ) 
4 92 (0 -1024 -64 ) (-576 -1024 -64 ) (-576 -704 -64 ) (0 -704 -64 ) 
4 93 (-816 -1024 -256 ) (-576 -1024 -256 ) (-576 -1024 0 ) (-816 -1024 0 ) 
4 93 (-576 -704 -256 ) (-816 -704 -256 ) (-816 -704 0 ) (-576 -704 0 ) 
4 93 (-576 -1024 -256 ) (-816 -1024 -256 ) (-816 -704 -256 ) (-576 -704 -256 ) 
4 93 (-576 -1024 -64 ) (-576 -1024 -256 ) (-576 -704 -256 ) (-576 -704 -64 ) 
4 93 (-816 -704 0 ) (-816 -704 -256 ) (-816 -1024 -256 ) (-816 -1024 0 ) 
4 94 (-312 -1144 352 ) (-312 -1144 224 ) (0 -1144 224 ) (0 -1144 352 ) 
4 94 (-312 -1144 352 ) (0 -1144 352 ) (0 -1024 352 ) (-312 -1024 352 ) 
4 94 (-312 -1144 224 ) (-312 -1144 352 ) (-312 -1024 352 ) (-312 -1024 224 ) 
4 94 (0 -1144 224 ) (-312 -1144 224 ) (-312 -1024 224 ) (0 -1024 224 ) 
